<?xml version="1.0" encoding="UTF-8"?>
<testsuite name="ru.wombat.admin.tests.Tests.AddUserTest" tests="6" skipped="0" failures="0" errors="0" timestamp="2018-12-17T08:01:37" hostname="MacBook-Aleksandr.local" time="74.898">
  <properties/>
  <testcase name="adminCanAddNewUser" classname="ru.wombat.admin.tests.Tests.AddUserTest" time="24.987"/>
  <testcase name="adminCanEditUserData" classname="ru.wombat.admin.tests.Tests.AddUserTest" time="14.225"/>
  <testcase name="adminCanUpgradeUser" classname="ru.wombat.admin.tests.Tests.AddUserTest" time="9.987"/>
  <testcase name="errorAboutExistingEmail" classname="ru.wombat.admin.tests.Tests.AddUserTest" time="9.394"/>
  <testcase name="emptyFieldsErrorDisplaying" classname="ru.wombat.admin.tests.Tests.AddUserTest" time="4.875"/>
  <testcase name="adminCanArchivateUser" classname="ru.wombat.admin.tests.Tests.AddUserTest" time="11.398"/>
  <system-out><![CDATA[]]></system-out>
  <system-err><![CDATA[]]></system-err>
</testsuite>
