<?xml version="1.0" encoding="UTF-8"?>
<testsuite name="ru.wombat.admin.tests.Tests.GridTests" tests="5" skipped="0" failures="0" errors="0" timestamp="2018-12-29T13:59:04" hostname="MacBook-Aleksandr.local" time="52.546">
  <properties/>
  <testcase name="adminCanChangeUserDisplayingToGridAndToListTest" classname="ru.wombat.admin.tests.Tests.GridTests" time="5.741"/>
  <testcase name="paginationInGridTest" classname="ru.wombat.admin.tests.Tests.GridTests" time="10.829"/>
  <testcase name="closeEditUserFormInGridTest" classname="ru.wombat.admin.tests.Tests.GridTests" time="11.584"/>
  <testcase name="openAndCloseAddUserFormInGridTest" classname="ru.wombat.admin.tests.Tests.GridTests" time="7.048"/>
  <testcase name="creationUserInGridTest" classname="ru.wombat.admin.tests.Tests.GridTests" time="17.337"/>
  <system-out><![CDATA[]]></system-out>
  <system-err><![CDATA[]]></system-err>
</testsuite>
